<?xml version="1.0" encoding="UTF-8"?>
<!-- Generated by org.testng.reporters.JUnitReportReporter -->
<testsuite hostname="Prashant" failures="0" tests="3" name="testCases.TC001_AccountRegistrationTest" time="10.424" errors="0" timestamp="2025-06-09T22:57:06 EDT" skipped="0">
  <testcase classname="testCases.TC001_AccountRegistrationTest" name="RegistrationTest" time="3.746"/>
  <testcase classname="testCases.TC001_AccountRegistrationTest" name="RegistrationTest" time="3.216"/>
  <testcase classname="testCases.TC001_AccountRegistrationTest" name="RegistrationTest" time="3.462"/>
</testsuite> <!-- testCases.TC001_AccountRegistrationTest -->
