<?xml version="1.0" encoding="UTF-8"?>
<!-- Generated by org.testng.reporters.JUnitReportReporter -->
<testsuite hostname="Prashant" failures="0" tests="1" name="testCases.TC0004_CartAndCheckOutTest" time="3.820" errors="0" timestamp="2025-06-10T10:55:37 EDT" skipped="0">
  <testcase classname="testCases.TC0004_CartAndCheckOutTest" name="CartAndCheckOutTest" time="3.820"/>
</testsuite> <!-- testCases.TC0004_CartAndCheckOutTest -->
