<?xml version="1.0" encoding="UTF-8"?>
<!-- Generated by org.testng.reporters.JUnitReportReporter -->
<testsuite hostname="Prashant" failures="0" tests="1" name="testCases.TC002_AccountLoginTest" time="1.953" errors="0" timestamp="2025-06-10T11:10:14 EDT" skipped="0">
  <testcase classname="testCases.TC002_AccountLoginTest" name="TestLogin" time="1.953"/>
</testsuite> <!-- testCases.TC002_AccountLoginTest -->
