<?xml version="1.0" encoding="UTF-8"?>
<!-- Generated by org.testng.reporters.JUnitReportReporter -->
<testsuite hostname="Prashant" failures="0" tests="7" name="testCases.TC003_LoginDDT" time="45.010" errors="0" timestamp="2025-06-10T10:55:37 EDT" skipped="0">
  <testcase classname="testCases.TC003_LoginDDT" name="loginDataDTesting" time="2.456"/>
  <testcase classname="testCases.TC003_LoginDDT" name="loginDataDTesting" time="11.253"/>
  <testcase classname="testCases.TC003_LoginDDT" name="loginDataDTesting" time="2.773"/>
  <testcase classname="testCases.TC003_LoginDDT" name="loginDataDTesting" time="11.420"/>
  <testcase classname="testCases.TC003_LoginDDT" name="loginDataDTesting" time="11.876"/>
  <testcase classname="testCases.TC003_LoginDDT" name="loginDataDTesting" time="2.454"/>
  <testcase classname="testCases.TC003_LoginDDT" name="loginDataDTesting" time="2.778"/>
</testsuite> <!-- testCases.TC003_LoginDDT -->
